2023-08-26 21:18:38,667 - INFO - [CNtxt2CNaudio_1] start
2023-08-26 21:19:05,200 - INFO - [CNtxt2CNaudio_1]: 5个中3个怎么样?
2023-08-26 21:19:07,222 - INFO - [CNtxt2CNaudio_1]: 我的意思是,我不是一个特别的客人。
2023-08-26 21:19:16,083 - INFO - [CNtxt2CNaudio_1]: 当时佛雷洛普在倒另一个杯子
2023-08-26 21:19:26,072 - INFO - [CNtxt2CNaudio_1]: 兄弟,说兄弟,走吧。
2023-08-26 21:19:36,129 - INFO - [CNtxt2CNaudio_1]: 我有一个信息给你。
2023-08-26 21:19:46,256 - INFO - [CNtxt2CNaudio_1]: 面条有可疑的味道
2023-08-26 21:19:56,515 - INFO - [CNtxt2CNaudio_1]: 万一我们无所事事...
2023-08-26 21:20:06,903 - INFO - [CNtxt2CNaudio_1]: 市总部位于同一名称的城镇Villidalgo。
2023-08-26 21:20:16,917 - INFO - [CNtxt2CNaudio_1]: 在其他场合,它提到它的自然主义或现实主义。
2023-08-26 21:20:27,286 - INFO - [CNtxt2CNaudio_1]: 他们是第一个在变异网络上实时管理交通的。
2023-08-26 21:20:37,554 - INFO - [CNtxt2CNaudio_1]: 而Ramon则和他的搭档Lena Inbert住在一起
2023-08-26 21:20:47,571 - INFO - [CNtxt2CNaudio_1]: 据报有两人死亡,其中一人是心脏病发作。
2023-08-26 21:20:57,541 - INFO - [CNtxt2CNaudio_1]: 我有一个尖锐的点和一个边缘。
2023-08-26 21:21:08,054 - INFO - [CNtxt2CNaudio_1]: 他又打了一个赛季,尽管他因受伤损失了一半的比赛。
2023-08-26 21:21:18,017 - INFO - [CNtxt2CNaudio_1]: 他是塞维利亚大学的教授 也是植物学家
2023-08-26 21:21:28,012 - INFO - [CNtxt2CNaudio_1]: 他是坦桑尼亚国民议会议员。
2023-08-26 21:21:37,983 - INFO - [CNtxt2CNaudio_1]: 只有两个单位。
2023-08-26 21:21:48,311 - INFO - [CNtxt2CNaudio_1]: 纳粹生物 专门从事破坏和间谍活动
2023-08-26 21:21:58,651 - INFO - [CNtxt2CNaudio_1]: 做这条路线,你不需要经历雪雪或冰川。
2023-08-26 21:22:08,813 - INFO - [CNtxt2CNaudio_1]: 之后 克里斯·马斯特斯开始在女友夏娃身边 与克里斯·马斯特斯争吵
2023-08-26 21:22:16,023 - INFO - [CNtxt2CNaudio_1] get signal -1
