2023-08-26 21:18:38,719 - INFO - [ENtxt2CNtxt_1] start
2023-08-26 21:19:04,086 - INFO - [ENtxt2CNtxt_1]:  How about 3 out of 5?
2023-08-26 21:19:05,766 - INFO - [ENtxt2CNtxt_1]:  I mean, I'm not a special guest.
2023-08-26 21:19:15,963 - INFO - [ENtxt2CNtxt_1]:  Frey Lope at that time was filling another glass.
2023-08-26 21:19:25,973 - INFO - [ENtxt2CNtxt_1]:  Brother, say brother, go.
2023-08-26 21:19:36,045 - INFO - [ENtxt2CNtxt_1]:  I have a message for you.
2023-08-26 21:19:46,156 - INFO - [ENtxt2CNtxt_1]:  The pasta has a suspicious taste.
2023-08-26 21:19:56,403 - INFO - [ENtxt2CNtxt_1]:  If there is nothing else we can do...
2023-08-26 21:20:06,757 - INFO - [ENtxt2CNtxt_1]:  The municipal headquarter is located in the town of the same name, Villidalgo.
2023-08-26 21:20:16,764 - INFO - [ENtxt2CNtxt_1]:  In other occasions, it refers to its naturalism or realism.
2023-08-26 21:20:27,172 - INFO - [ENtxt2CNtxt_1]:  They were the first to manage traffic in real time on a mutated network.
2023-08-26 21:20:37,429 - INFO - [ENtxt2CNtxt_1]:  Ramon, on the other hand, lived with his partner, Lena Inbert.
2023-08-26 21:20:47,458 - INFO - [ENtxt2CNtxt_1]:  Two people were reported dead, one of them was a heart attack.
2023-08-26 21:20:57,437 - INFO - [ENtxt2CNtxt_1]:  I had a sharp point and a single edge.
2023-08-26 21:21:07,899 - INFO - [ENtxt2CNtxt_1]:  He played one more season, although he lost half of the games due to injuries.
2023-08-26 21:21:17,914 - INFO - [ENtxt2CNtxt_1]:  He is a professor at the University of Seville and a botanist.
2023-08-26 21:21:27,945 - INFO - [ENtxt2CNtxt_1]:  He is a member of the National Assembly of Tanzania.
2023-08-26 21:21:37,921 - INFO - [ENtxt2CNtxt_1]:  There are only two units.
2023-08-26 21:21:48,214 - INFO - [ENtxt2CNtxt_1]:  Nazi creature, special for sabotage and espionage
2023-08-26 21:21:58,529 - INFO - [ENtxt2CNtxt_1]:  To make this route, you don't need to go through snow or glaciers.
2023-08-26 21:22:08,628 - INFO - [ENtxt2CNtxt_1]:  After this, a feud started with Chris Masters around his girlfriend, Eve.
2023-08-26 21:22:08,812 - INFO - [ENtxt2CNtxt_1] get signal -1
